<?xml version="1.0" encoding="UTF-8"?>
<!-- Generated by org.testng.reporters.JUnitXMLReporter -->
<testsuite hostname="Carloss-MBP.fios-router.home" ignored="0" name="Default test" tests="4" failures="0" timestamp="2021-05-04T21:08:46 EDT" time="0.055" errors="0">
  <testcase name="addItems" time="0.005" classname="TestNG.dataProvider"/>
  <testcase name="addItems" time="0.001" classname="TestNG.dataProvider"/>
  <testcase name="addItems" time="0.002" classname="TestNG.dataProvider"/>
  <testcase name="addItems" time="0.002" classname="TestNG.dataProvider"/>
</testsuite> <!-- Default test -->
