<?xml version="1.0" encoding="UTF-8"?>
<!-- Generated by org.testng.reporters.JUnitXMLReporter -->
<testsuite hostname="Carloss-MBP.fios-router.home" ignored="5" name="Default test" tests="6" failures="0" timestamp="2021-05-05T21:21:20 EDT" time="12.589" errors="0">
  <testcase name="ContacInfoRec" time="0.718" classname="TestNG.TestNG_XML_Practice"/>
  <testcase name="ContacInfoRec" time="0.46" classname="TestNG.TestNG_XML_Practice"/>
  <testcase name="ContacInfoRec" time="0.389" classname="TestNG.TestNG_XML_Practice"/>
  <testcase name="ContacInfoRec" time="0.352" classname="TestNG.TestNG_XML_Practice"/>
  <testcase name="ContacInfoRec" time="0.45" classname="TestNG.TestNG_XML_Practice"/>
  <testcase name="ContacInfoRec" time="0.325" classname="TestNG.TestNG_XML_Practice"/>
  <testcase name="AlertBox_HW" time="0.0" classname="TestNG.TestNG_XML_Practice">
    <ignored/>
  </testcase> <!-- AlertBox_HW -->
  <testcase name="NewMessage_HW" time="0.0" classname="TestNG.TestNG_XML_Practice">
    <ignored/>
  </testcase> <!-- NewMessage_HW -->
  <testcase name="TimingAlert_HW" time="0.0" classname="TestNG.TestNG_XML_Practice">
    <ignored/>
  </testcase> <!-- TimingAlert_HW -->
  <testcase name="WindowHandle_HW" time="0.0" classname="TestNG.TestNG_XML_Practice">
    <ignored/>
  </testcase> <!-- WindowHandle_HW -->
  <testcase name="DragMe_HW" time="0.0" classname="TestNG.TestNG_XML_Practice">
    <ignored/>
  </testcase> <!-- DragMe_HW -->
</testsuite> <!-- Default test -->
