<?xml version="1.0" encoding="UTF-8"?>
<!-- Generated by org.testng.reporters.JUnitXMLReporter -->
<testsuite hostname="Carloss-MBP.fios-router.home" ignored="2" name="Test" tests="3" failures="0" timestamp="2021-05-04T21:19:10 EDT" time="0.06" errors="0">
  <testcase name="test1" time="0.005" classname="TestNG.testNG_Annotation"/>
  <testcase name="test3" time="0.001" classname="TestNG.testNG_Annotation"/>
  <testcase name="test4" time="0.001" classname="TestNG.testNG_Annotation"/>
  <testcase name="test5" time="0.0" classname="TestNG.testNG_Annotation">
    <ignored/>
  </testcase> <!-- test5 -->
  <testcase name="test2" time="0.0" classname="TestNG.testNG_Annotation">
    <ignored/>
  </testcase> <!-- test2 -->
</testsuite> <!-- Test -->
