<?xml version="1.0" encoding="UTF-8"?>
<!-- Generated by org.testng.reporters.JUnitXMLReporter -->
<testsuite hostname="Carloss-MacBook-Pro.local" ignored="1" name="Test" tests="10" failures="0" timestamp="2021-05-06T19:14:56 EDT" time="24.696" errors="0">
  <testcase name="AlertBox_HW" time="2.127" classname="TestNG.TestNG_XML_Practice"/>
  <testcase name="ContacInfoRec" time="1.017" classname="TestNG.TestNG_XML_Practice"/>
  <testcase name="ContacInfoRec" time="0.461" classname="TestNG.TestNG_XML_Practice"/>
  <testcase name="ContacInfoRec" time="0.4" classname="TestNG.TestNG_XML_Practice"/>
  <testcase name="ContacInfoRec" time="0.363" classname="TestNG.TestNG_XML_Practice"/>
  <testcase name="ContacInfoRec" time="0.374" classname="TestNG.TestNG_XML_Practice"/>
  <testcase name="ContacInfoRec" time="0.328" classname="TestNG.TestNG_XML_Practice"/>
  <testcase name="NewMessage_HW" time="4.488" classname="TestNG.TestNG_XML_Practice"/>
  <testcase name="TimingAlert_HW" time="3.224" classname="TestNG.TestNG_XML_Practice"/>
  <testcase name="WindowHandle_HW" time="2.174" classname="TestNG.TestNG_XML_Practice"/>
  <testcase name="DragMe_HW" time="0.0" classname="TestNG.TestNG_XML_Practice">
    <ignored/>
  </testcase> <!-- DragMe_HW -->
</testsuite> <!-- Test -->
