<?xml version="1.0" encoding="UTF-8"?>
<testng-results skipped="0" failed="0" ignored="1" total="11" passed="10">
  <reporter-output>
  </reporter-output>
  <suite name="Suite" duration-ms="24696" started-at="2021-05-06T19:14:31 EDT" finished-at="2021-05-06T19:14:56 EDT">
    <groups>
      <group name="windowHandle">
        <method signature="TestNG_XML_Practice.NewMessage_HW()[pri:0, instance:TestNG.TestNG_XML_Practice@38bc8ab5]" name="NewMessage_HW" class="TestNG.TestNG_XML_Practice"/>
        <method signature="TestNG_XML_Practice.WindowHandle_HW()[pri:0, instance:TestNG.TestNG_XML_Practice@38bc8ab5]" name="WindowHandle_HW" class="TestNG.TestNG_XML_Practice"/>
      </group> <!-- windowHandle -->
    </groups>
    <test name="Test" duration-ms="24696" started-at="2021-05-06T19:14:31 EDT" finished-at="2021-05-06T19:14:56 EDT">
      <class name="TestNG.TestNG_XML_Practice">
        <test-method status="PASS" signature="setup()[pri:0, instance:TestNG.TestNG_XML_Practice@38bc8ab5]" name="setup" is-config="true" duration-ms="6550" started-at="2021-05-06T19:14:32 EDT" finished-at="2021-05-06T19:14:38 EDT">
          <reporter-output>
          </reporter-output>
        </test-method> <!-- setup -->
        <test-method status="PASS" signature="AlertBox_HW()[pri:0, instance:TestNG.TestNG_XML_Practice@38bc8ab5]" name="AlertBox_HW" duration-ms="2127" started-at="2021-05-06T19:14:38 EDT" finished-at="2021-05-06T19:14:40 EDT">
          <reporter-output>
          </reporter-output>
        </test-method> <!-- AlertBox_HW -->
        <test-method status="PASS" signature="ContacInfoRec(java.lang.String)[pri:0, instance:TestNG.TestNG_XML_Practice@38bc8ab5]" name="ContacInfoRec" duration-ms="1017" started-at="2021-05-06T19:14:40 EDT" data-provider="contactInfo" finished-at="2021-05-06T19:14:41 EDT">
          <params>
            <param index="0">
              <value>
                <![CDATA[Carlos]]>
              </value>
            </param>
          </params>
          <reporter-output>
          </reporter-output>
        </test-method> <!-- ContacInfoRec -->
        <test-method status="PASS" signature="ContacInfoRec(java.lang.String)[pri:0, instance:TestNG.TestNG_XML_Practice@38bc8ab5]" name="ContacInfoRec" duration-ms="461" started-at="2021-05-06T19:14:41 EDT" data-provider="contactInfo" finished-at="2021-05-06T19:14:42 EDT">
          <params>
            <param index="0">
              <value>
                <![CDATA[carlos@carlos.com]]>
              </value>
            </param>
          </params>
          <reporter-output>
          </reporter-output>
        </test-method> <!-- ContacInfoRec -->
        <test-method status="PASS" signature="ContacInfoRec(java.lang.String)[pri:0, instance:TestNG.TestNG_XML_Practice@38bc8ab5]" name="ContacInfoRec" duration-ms="400" started-at="2021-05-06T19:14:42 EDT" data-provider="contactInfo" finished-at="2021-05-06T19:14:42 EDT">
          <params>
            <param index="0">
              <value>
                <![CDATA[5555555555]]>
              </value>
            </param>
          </params>
          <reporter-output>
          </reporter-output>
        </test-method> <!-- ContacInfoRec -->
        <test-method status="PASS" signature="ContacInfoRec(java.lang.String)[pri:0, instance:TestNG.TestNG_XML_Practice@38bc8ab5]" name="ContacInfoRec" duration-ms="363" started-at="2021-05-06T19:14:42 EDT" data-provider="contactInfo" finished-at="2021-05-06T19:14:42 EDT">
          <params>
            <param index="0">
              <value>
                <![CDATA[USA]]>
              </value>
            </param>
          </params>
          <reporter-output>
          </reporter-output>
        </test-method> <!-- ContacInfoRec -->
        <test-method status="PASS" signature="ContacInfoRec(java.lang.String)[pri:0, instance:TestNG.TestNG_XML_Practice@38bc8ab5]" name="ContacInfoRec" duration-ms="374" started-at="2021-05-06T19:14:42 EDT" data-provider="contactInfo" finished-at="2021-05-06T19:14:43 EDT">
          <params>
            <param index="0">
              <value>
                <![CDATA[TechCircle]]>
              </value>
            </param>
          </params>
          <reporter-output>
          </reporter-output>
        </test-method> <!-- ContacInfoRec -->
        <test-method status="PASS" signature="ContacInfoRec(java.lang.String)[pri:0, instance:TestNG.TestNG_XML_Practice@38bc8ab5]" name="ContacInfoRec" duration-ms="328" started-at="2021-05-06T19:14:43 EDT" data-provider="contactInfo" finished-at="2021-05-06T19:14:43 EDT">
          <params>
            <param index="0">
              <value>
                <![CDATA[Sup]]>
              </value>
            </param>
          </params>
          <reporter-output>
          </reporter-output>
        </test-method> <!-- ContacInfoRec -->
        <test-method status="PASS" signature="NewMessage_HW()[pri:0, instance:TestNG.TestNG_XML_Practice@38bc8ab5]" name="NewMessage_HW" duration-ms="4488" started-at="2021-05-06T19:14:43 EDT" finished-at="2021-05-06T19:14:48 EDT">
          <reporter-output>
          </reporter-output>
        </test-method> <!-- NewMessage_HW -->
        <test-method status="PASS" signature="TimingAlert_HW()[pri:0, instance:TestNG.TestNG_XML_Practice@38bc8ab5]" name="TimingAlert_HW" duration-ms="3224" started-at="2021-05-06T19:14:48 EDT" finished-at="2021-05-06T19:14:51 EDT">
          <reporter-output>
          </reporter-output>
        </test-method> <!-- TimingAlert_HW -->
        <test-method status="PASS" signature="WindowHandle_HW()[pri:0, instance:TestNG.TestNG_XML_Practice@38bc8ab5]" name="WindowHandle_HW" duration-ms="2174" started-at="2021-05-06T19:14:51 EDT" finished-at="2021-05-06T19:14:53 EDT">
          <reporter-output>
          </reporter-output>
        </test-method> <!-- WindowHandle_HW -->
        <test-method status="PASS" signature="end()[pri:0, instance:TestNG.TestNG_XML_Practice@38bc8ab5]" name="end" is-config="true" duration-ms="3104" started-at="2021-05-06T19:14:53 EDT" finished-at="2021-05-06T19:14:56 EDT">
          <reporter-output>
          </reporter-output>
        </test-method> <!-- end -->
      </class> <!-- TestNG.TestNG_XML_Practice -->
    </test> <!-- Test -->
  </suite> <!-- Suite -->
</testng-results>
